<?xml version="1.0" encoding="UTF-8"?>
<testsuite name="Cucumber" time="11.336" tests="1" skipped="0" failures="0" errors="0">
<testcase classname="Find the maximum price for Best Sellers in a specific department" name="User clicks on Best Sellers, selects a department, and finds the maximum price - #1.1" time="11.147">
<system-out><![CDATA[
Given The user is on amazon home page.......................................passed
When the user clicks on Best sellers link...................................passed
]]></system-out>
</testcase>
</testsuite>
