<?xml version="1.0" encoding="UTF-8"?>
<testsuite name="Cucumber" time="53.249" tests="2" skipped="0" failures="1" errors="0">
<testcase classname="Search and Verify Best Seller Rank on Amazon" name="user should be able to verify best seller rank - #1.1" time="31.145">
<system-out><![CDATA[
Given The user is on amazon home page.......................................passed
When the user hovers over the All dropdown menu.............................passed
And the user selects the department from the department options "Electronics".passed
And the user input product in search bar "Apple AirTag".....................passed
And the user hit Enter key..................................................passed
Then I should be navigated to product page,results for product "Apple AirTag".passed
Then the user identifies the Best Seller product from the search results....passed
And the user clicks on the first Best Seller product........................passed
]]></system-out>
</testcase>
<testcase classname="Search and Verify Best Seller Rank on Amazon" name="user should be able to verify best seller rank - #1.2" time="21.748">
<failure type="org.openqa.selenium.ElementClickInterceptedException" message="element click intercepted: Element &lt;img class=&quot;s-image&quot; src=&quot;https://m.media-amazon.com/images/I/7118CkX88OL._AC_UY218_.jpg&quot; srcset=&quot;https://m.media-amazon.com/images/I/7118CkX88OL._AC_UY218_.jpg 1x, https://m.media-amazon.com/images/I/7118CkX88OL._AC_UY327_FMwebp_QL65_.jpg 1.5x, https://m.media-amazon.com/images/I/7118CkX88OL._AC_UY436_FMwebp_QL65_.jpg 2x, https://m.media-amazon.com/images/I/7118CkX88OL._AC_UY545_FMwebp_QL65_.jpg 2.5x, https://m.media-amazon.com/images/I/7118CkX88OL._AC_UY654_FMwebp_QL65_.jpg 3x&quot; alt=&quot;NOVETE Portable Countertop Dishwashers, Compact Dishwashers with 5 L Built-in Water Tank &amp;amp; Inlet Hose, 5 Washing Programs,...&quot; aria-hidden=&quot;true&quot; data-image-index=&quot;3&quot; data-image-load=&quot;&quot; data-image-latency=&quot;s-product-image&quot; data-image-source-density=&quot;1&quot;&gt; is not clickable at point (383, 491). Other element would receive the click: &lt;div class=&quot;s-video-faceout-preview-container aok-relative s-video-faceout-preview-video-ended&quot; data-page-state=&quot;{&amp;quot;videoWidth&amp;quot;:1920,&amp;quot;previewUrl&amp;quot;:&amp;quot;https://m.media-amazon.com/images/S/vse-vms-transcoding-artifact-us-east-1-prod/95d7e3a7-8c49-4055-9503-ca2757bf0e2e/dafb48a3-2a3b-4fd3-93c4-6ec51fdae435/a3aa0bab12304f279c806ee51f1a7d12_0-100-0-100_gandalf_preview.m3u8&amp;quot;,&amp;quot;playButtonEnabled&amp;quot;:false,&amp;quot;videoUrl&amp;quot;:&amp;quot;https://m.media-amazon.com/images/S/vse-vms-transcoding-artifact-us-east-1-prod/9ed007f7-5418-4e00-94c2-15f08b39e443/default.jobtemplate.hls.m3u8&amp;quot;,&amp;quot;contentId&amp;quot;:&amp;quot;a3aa0bab12304f279c806ee51f1a7d12&amp;quot;,&amp;quot;closedCaptions&amp;quot;:[{&amp;quot;languageCode&amp;quot;:&amp;quot;English&amp;quot;,&amp;quot;url&amp;quot;:&amp;quot;https://m.media-amazon.com/images/S/vse-vms-closed-captions-artifact-us-east-1-prod/closedCaptions/3c62cb9d-7ad1-4c98-b790-bf8a59e03108.vtt&amp;quot;}],&amp;quot;attributionParameters&amp;quot;:{},&amp;quot;experimentType&amp;quot;:&amp;quot;VFS_VSAR_VIDEO_FACEOUT_DESKTOP&amp;quot;,&amp;quot;productType&amp;quot;:&amp;quot;ORGANIC&amp;quot;,&amp;quot;videoHeight&amp;quot;:1080,&amp;quot;previewCloseButtonEnabled&amp;quot;:false}&quot; id=&quot;s-video-faceout-preview--B089YD3Z91-NaN&quot; data-csa-c-type=&quot;item&quot; data-csa-c-pos=&quot;3&quot; data-csa-c-item-id=&quot;a3aa0bab12304f279c806ee51f1a7d12&quot; data-csa-c-id=&quot;yzobxr-o5h4kk-y8us9w-u6qgsg&quot;&gt;&lt;/div&gt;
  (Session info: MicrosoftEdge=131.0.2903.112)
Build info: version: '4.26.0', revision: '8ccf0219d7'
System info: os.name: 'Windows 11', os.arch: 'amd64', os.version: '10.0', java.version: '11.0.24'
Driver info: org.openqa.selenium.edge.EdgeDriver
Command: [e5d3a3e283ff85d83f400898cf245f27, clickElement {id=f.5077F1C86EFBE3817EE5077E2D51D77A.d.8EC137B388AB3EC75A0ECBFEBE8E3B88.e.628}]
Capabilities {acceptInsecureCerts: false, browserName: MicrosoftEdge, browserVersion: 131.0.2903.112, fedcm:accounts: true, ms:edgeOptions: {debuggerAddress: localhost:60731}, msedge: {msedgedriverVersion: 131.0.2903.112 (16ab910a6e7..., userDataDir: C:\Users\hassan\AppData\Loc...}, networkConnectionEnabled: false, pageLoadStrategy: normal, platformName: windows, proxy: Proxy(), se:cdp: ws://localhost:60731/devtoo..., se:cdpVersion: 131.0.2903.112, setWindowRect: true, strictFileInteractability: false, timeouts: {implicit: 0, pageLoad: 300000, script: 30000}, unhandledPromptBehavior: dismiss and notify, webauthn:extension:credBlob: true, webauthn:extension:largeBlob: true, webauthn:extension:minPinLength: true, webauthn:extension:prf: true, webauthn:virtualAuthenticators: true}
Element: [[EdgeDriver: MicrosoftEdge on windows (e5d3a3e283ff85d83f400898cf245f27)] -&gt; xpath: //div[contains(@class, 's-main-slot')]//span[text()='Best Seller']//ancestor::div[@role='listitem']//img]
Session ID: e5d3a3e283ff85d83f400898cf245f27">
<![CDATA[org.openqa.selenium.ElementClickInterceptedException: element click intercepted: Element <img class="s-image" src="https://m.media-amazon.com/images/I/7118CkX88OL._AC_UY218_.jpg" srcset="https://m.media-amazon.com/images/I/7118CkX88OL._AC_UY218_.jpg 1x, https://m.media-amazon.com/images/I/7118CkX88OL._AC_UY327_FMwebp_QL65_.jpg 1.5x, https://m.media-amazon.com/images/I/7118CkX88OL._AC_UY436_FMwebp_QL65_.jpg 2x, https://m.media-amazon.com/images/I/7118CkX88OL._AC_UY545_FMwebp_QL65_.jpg 2.5x, https://m.media-amazon.com/images/I/7118CkX88OL._AC_UY654_FMwebp_QL65_.jpg 3x" alt="NOVETE Portable Countertop Dishwashers, Compact Dishwashers with 5 L Built-in Water Tank &amp; Inlet Hose, 5 Washing Programs,..." aria-hidden="true" data-image-index="3" data-image-load="" data-image-latency="s-product-image" data-image-source-density="1"> is not clickable at point (383, 491). Other element would receive the click: <div class="s-video-faceout-preview-container aok-relative s-video-faceout-preview-video-ended" data-page-state="{&quot;videoWidth&quot;:1920,&quot;previewUrl&quot;:&quot;https://m.media-amazon.com/images/S/vse-vms-transcoding-artifact-us-east-1-prod/95d7e3a7-8c49-4055-9503-ca2757bf0e2e/dafb48a3-2a3b-4fd3-93c4-6ec51fdae435/a3aa0bab12304f279c806ee51f1a7d12_0-100-0-100_gandalf_preview.m3u8&quot;,&quot;playButtonEnabled&quot;:false,&quot;videoUrl&quot;:&quot;https://m.media-amazon.com/images/S/vse-vms-transcoding-artifact-us-east-1-prod/9ed007f7-5418-4e00-94c2-15f08b39e443/default.jobtemplate.hls.m3u8&quot;,&quot;contentId&quot;:&quot;a3aa0bab12304f279c806ee51f1a7d12&quot;,&quot;closedCaptions&quot;:[{&quot;languageCode&quot;:&quot;English&quot;,&quot;url&quot;:&quot;https://m.media-amazon.com/images/S/vse-vms-closed-captions-artifact-us-east-1-prod/closedCaptions/3c62cb9d-7ad1-4c98-b790-bf8a59e03108.vtt&quot;}],&quot;attributionParameters&quot;:{},&quot;experimentType&quot;:&quot;VFS_VSAR_VIDEO_FACEOUT_DESKTOP&quot;,&quot;productType&quot;:&quot;ORGANIC&quot;,&quot;videoHeight&quot;:1080,&quot;previewCloseButtonEnabled&quot;:false}" id="s-video-faceout-preview--B089YD3Z91-NaN" data-csa-c-type="item" data-csa-c-pos="3" data-csa-c-item-id="a3aa0bab12304f279c806ee51f1a7d12" data-csa-c-id="yzobxr-o5h4kk-y8us9w-u6qgsg"></div>
  (Session info: MicrosoftEdge=131.0.2903.112)
Build info: version: '4.26.0', revision: '8ccf0219d7'
System info: os.name: 'Windows 11', os.arch: 'amd64', os.version: '10.0', java.version: '11.0.24'
Driver info: org.openqa.selenium.edge.EdgeDriver
Command: [e5d3a3e283ff85d83f400898cf245f27, clickElement {id=f.5077F1C86EFBE3817EE5077E2D51D77A.d.8EC137B388AB3EC75A0ECBFEBE8E3B88.e.628}]
Capabilities {acceptInsecureCerts: false, browserName: MicrosoftEdge, browserVersion: 131.0.2903.112, fedcm:accounts: true, ms:edgeOptions: {debuggerAddress: localhost:60731}, msedge: {msedgedriverVersion: 131.0.2903.112 (16ab910a6e7..., userDataDir: C:\Users\hassan\AppData\Loc...}, networkConnectionEnabled: false, pageLoadStrategy: normal, platformName: windows, proxy: Proxy(), se:cdp: ws://localhost:60731/devtoo..., se:cdpVersion: 131.0.2903.112, setWindowRect: true, strictFileInteractability: false, timeouts: {implicit: 0, pageLoad: 300000, script: 30000}, unhandledPromptBehavior: dismiss and notify, webauthn:extension:credBlob: true, webauthn:extension:largeBlob: true, webauthn:extension:minPinLength: true, webauthn:extension:prf: true, webauthn:virtualAuthenticators: true}
Element: [[EdgeDriver: MicrosoftEdge on windows (e5d3a3e283ff85d83f400898cf245f27)] -> xpath: //div[contains(@class, 's-main-slot')]//span[text()='Best Seller']//ancestor::div[@role='listitem']//img]
Session ID: e5d3a3e283ff85d83f400898cf245f27
	at java.base/jdk.internal.reflect.NativeConstructorAccessorImpl.newInstance0(Native Method)
	at java.base/jdk.internal.reflect.NativeConstructorAccessorImpl.newInstance(NativeConstructorAccessorImpl.java:62)
	at java.base/jdk.internal.reflect.DelegatingConstructorAccessorImpl.newInstance(DelegatingConstructorAccessorImpl.java:45)
	at java.base/java.lang.reflect.Constructor.newInstance(Constructor.java:490)
	at org.openqa.selenium.remote.ErrorCodec.decode(ErrorCodec.java:167)
	at org.openqa.selenium.remote.codec.w3c.W3CHttpResponseCodec.decode(W3CHttpResponseCodec.java:138)
	at org.openqa.selenium.remote.codec.w3c.W3CHttpResponseCodec.decode(W3CHttpResponseCodec.java:50)
	at org.openqa.selenium.remote.HttpCommandExecutor.execute(HttpCommandExecutor.java:190)
	at org.openqa.selenium.remote.service.DriverCommandExecutor.invokeExecute(DriverCommandExecutor.java:216)
	at org.openqa.selenium.remote.service.DriverCommandExecutor.execute(DriverCommandExecutor.java:174)
	at org.openqa.selenium.remote.RemoteWebDriver.execute(RemoteWebDriver.java:545)
	at org.openqa.selenium.remote.RemoteWebElement.execute(RemoteWebElement.java:223)
	at org.openqa.selenium.remote.RemoteWebElement.click(RemoteWebElement.java:76)
	at pages.amazon.Amazon_ProductPage.selectFirstBestSeller(Amazon_ProductPage.java:48)
	at stepdefinations.amazon.Best_Seller_Rank_on_Amazon.the_user_clicks_on_the_best_seller_product(Best_Seller_Rank_on_Amazon.java:95)
	at ✽.the user clicks on the first Best Seller product(file:///C:/Users/hassan/Desktop/SDET/project/LMS-draft-master/ProjectBDD/src/test/resources/feature.amazon/Verify_Best_Seller_Rank.feature:13)
]]>
</failure>
<system-out><![CDATA[
Given The user is on amazon home page.......................................passed
When the user hovers over the All dropdown menu.............................passed
And the user selects the department from the department options "Appliances".passed
And the user input product in search bar "dishwasher".......................passed
And the user hit Enter key..................................................passed
Then I should be navigated to product page,results for product "dishwasher".passed
Then the user identifies the Best Seller product from the search results....passed
And the user clicks on the first Best Seller product........................failed
]]></system-out>
</testcase>
</testsuite>
