<?xml version="1.0" encoding="UTF-8"?>
<testsuite name="Cucumber" time="184.44" tests="2" skipped="0" failures="0" errors="0">
<testcase classname="Verify Flight Search Functionality" name="Search results are displayed for a valid product search - #1.1" time="92.652">
<system-out><![CDATA[
Given The user is on flipKart home page.....................................passed
When I click on Flights bookings............................................passed
Then I should be navigated to flight search page............................passed
And I select departure date "March 2025,13".................................passed
And I select return date "April 2025,20"....................................passed
And I select the departure city "BOM".......................................passed
And I select the destination city "BKK".....................................passed
Then I click the Search flight button.......................................passed
Then I should be navigated to flight page...................................passed
]]></system-out>
</testcase>
<testcase classname="Verify Flight Search Functionality" name="Search results are displayed for a valid product search - #1.2" time="91.321">
<system-out><![CDATA[
Given The user is on flipKart home page.....................................passed
When I click on Flights bookings............................................passed
Then I should be navigated to flight search page............................passed
And I select departure date "February 2025,25"..............................passed
And I select return date "May 2025,10"......................................passed
And I select the departure city "HYD".......................................passed
And I select the destination city "KUL".....................................passed
Then I click the Search flight button.......................................passed
Then I should be navigated to flight page...................................passed
]]></system-out>
</testcase>
</testsuite>
