<?xml version="1.0" encoding="UTF-8"?>
<testsuite name="Cucumber" time="56.396" tests="1" skipped="0" failures="0" errors="0">
<testcase classname="Enter valid email and navigate to opt page page" name="Login with valid email and navigate to opt page - #1.1" time="55.95">
<system-out><![CDATA[
Given The user is on flipKart home page.....................................passed
When I double click on login button.........................................passed
Then The user is  on flipKart login page....................................passed
And I enter valid email address "hassan@gmail.com"..........................passed
When I click on RequestOTP button...........................................passed
Then I should see the OTP message...........................................passed
]]></system-out>
</testcase>
</testsuite>
