<?xml version="1.0" encoding="UTF-8"?>
<testsuite name="Cucumber" time="100.703" tests="2" skipped="0" failures="0" errors="0">
<testcase classname="Verify Product Search Functionality" name="Search results are displayed for a valid product search - #1.1" time="55.365">
<system-out><![CDATA[
Given The user is on flipKart home page.....................................passed
When I enter product_name in search bar "phone".............................passed
And I click the Search button...............................................passed
Then I should be navigated to search page...................................passed
Then results displayed should be related to the selected category "Mobiles".passed
]]></system-out>
</testcase>
<testcase classname="Verify Product Search Functionality" name="Search results are displayed for a valid product search - #1.2" time="44.977">
<system-out><![CDATA[
Given The user is on flipKart home page.....................................passed
When I enter product_name in search bar "tv"................................passed
And I click the Search button...............................................passed
Then I should be navigated to search page...................................passed
Then results displayed should be related to the selected category "Televisions".passed
]]></system-out>
</testcase>
</testsuite>
